<?xml version="1.0" encoding="UTF-8"?>
<!-- Generated by org.testng.reporters.JUnitReportReporter -->
<testsuite hostname="rohit-HP-Laptop-15-da0xxx" failures="0" tests="1" name="TestRunner.CucumberTestRunner" time="0.308" errors="0" timestamp="2023-11-09T19:19:11 IST" skipped="0">
  <testcase classname="TestRunner.CucumberTestRunner" name="runScenario" time="0.308"/>
</testsuite> <!-- TestRunner.CucumberTestRunner -->
