<?xml version="1.0" encoding="UTF-8"?>
<!-- Generated by org.testng.reporters.JUnitReportReporter -->
<testsuite hostname="LAPTOP-E072A98I" failures="0" tests="1" name="TestRunner.CucumberTestRunner" time="0.084" errors="0" timestamp="2024-02-05T17:11:17 IST" skipped="0">
  <testcase classname="TestRunner.CucumberTestRunner" name="runScenario" time="0.084"/>
</testsuite> <!-- TestRunner.CucumberTestRunner -->
